<?xml version="1.0" encoding="UTF-8"?>
<testng-results ignored="0" total="1" passed="1" failed="0" skipped="0">
  <reporter-output>
    <line>
      <![CDATA[hi]]>
    </line>
  </reporter-output>
  <suite started-at="2023-06-26T04:48:19Z" name="Suite" finished-at="2023-06-26T04:48:49Z" duration-ms="30108">
    <groups>
    </groups>
    <test started-at="2023-06-26T04:48:19Z" name="Test" finished-at="2023-06-26T04:48:49Z" duration-ms="30108">
      <class name="pos.scripts.DemoTest">
        <test-method is-config="true" signature="intReport(java.lang.String)[pri:0, instance:pos.scripts.DemoTest@22a637e7]" started-at="2023-06-26T04:48:16Z" name="intReport" finished-at="2023-06-26T04:48:19Z" duration-ms="2525" status="PASS">
          <params>
            <param index="0">
              <value>
                <![CDATA[report/Spark.html]]>
              </value>
            </param>
          </params>
          <reporter-output>
          </reporter-output>
        </test-method> <!-- intReport -->
        <test-method is-config="true" signature="preCondition(java.lang.String, java.lang.String, java.lang.String, java.lang.reflect.Method)[pri:0, instance:pos.scripts.DemoTest@22a637e7]" started-at="2023-06-26T04:48:19Z" name="preCondition" finished-at="2023-06-26T04:48:47Z" duration-ms="28402" status="PASS">
          <params>
            <param index="0">
              <value>
                <![CDATA[https://subramaniam.aksharatraining.in/pos/public/]]>
              </value>
            </param>
            <param index="1">
              <value>
                <![CDATA[no]]>
              </value>
            </param>
            <param index="2">
              <value>
                <![CDATA[qa.properties]]>
              </value>
            </param>
            <param index="3">
              <value>
                <![CDATA[public void pos.scripts.DemoTest.testA()]]>
              </value>
            </param>
          </params>
          <reporter-output>
          </reporter-output>
        </test-method> <!-- preCondition -->
        <test-method signature="testA()[pri:0, instance:pos.scripts.DemoTest@22a637e7]" started-at="2023-06-26T04:48:47Z" name="testA" finished-at="2023-06-26T04:48:47Z" duration-ms="11" status="PASS">
          <reporter-output>
            <line>
              <![CDATA[hi]]>
            </line>
          </reporter-output>
        </test-method> <!-- testA -->
        <test-method is-config="true" signature="postCondition(org.testng.ITestResult)[pri:0, instance:pos.scripts.DemoTest@22a637e7]" started-at="2023-06-26T04:48:47Z" name="postCondition" finished-at="2023-06-26T04:48:49Z" duration-ms="1616" status="PASS">
          <params>
            <param index="0">
              <value>
                <![CDATA[[TestResult name=testA status=SUCCESS method=DemoTest.testA()[pri:0, instance:pos.scripts.DemoTest@22a637e7] output=hi]]]>
              </value>
            </param>
          </params>
          <reporter-output>
          </reporter-output>
        </test-method> <!-- postCondition -->
        <test-method is-config="true" signature="generateReport()[pri:0, instance:pos.scripts.DemoTest@22a637e7]" started-at="2023-06-26T04:48:49Z" name="generateReport" finished-at="2023-06-26T04:48:51Z" duration-ms="1660" status="PASS">
          <reporter-output>
          </reporter-output>
        </test-method> <!-- generateReport -->
      </class> <!-- pos.scripts.DemoTest -->
    </test> <!-- Test -->
  </suite> <!-- Suite -->
</testng-results>
